<?xml version="1.0" encoding="UTF-8"?>
<!-- Generated by org.testng.reporters.JUnitXMLReporter -->
<testsuite ignored="0" hostname="AnushaChanna" failures="0" tests="2" name="Default test" time="73.371" errors="0" timestamp="2024-09-24T19:20:52 IST">
  <testcase classname="airlines_project.Testcase8_SeatSelection" name="SeatSelection" time="35.969">
    <skipped/>
  </testcase> <!-- SeatSelection -->
  <testcase classname="airlines_project.Testcase8_SeatSelection" name="SeatSelection" time="22.227"/>
</testsuite> <!-- Default test -->
