<?xml version="1.0" encoding="UTF-8"?>
<!-- Generated by org.testng.reporters.JUnitXMLReporter -->
<testsuite ignored="0" hostname="AnushaChanna" failures="0" tests="11" name="Test" time="253.779" errors="0" timestamp="2024-09-24T19:25:38 IST">
  <testcase classname="airlines_project.Testcase2_ValidLogin" name="validlogin" time="9.827"/>
  <testcase classname="airlines_project.Testcase3_InvalidLogin" name="validlogin" time="3.333"/>
  <testcase classname="airlines_project.Testcase4_SearchOneWayF" name="OneWayTrip" time="8.354"/>
  <testcase classname="airlines_project.Testcase5_SearchRoundTripF" name="RoundTripSearch" time="10.243"/>
  <testcase classname="airlines_project.Testcase6_ValidateSearchdiffClasses" name="DiffEconomies" time="14.868"/>
  <testcase classname="airlines_project.Testcase8_SeatSelection" name="SeatSelection" time="19.609">
    <skipped/>
  </testcase> <!-- SeatSelection -->
  <testcase classname="airlines_project.Testcase8_SeatSelection" name="SeatSelection" time="28.253"/>
  <testcase classname="airlines_project.Testcase9_MulPassSingleBooking" name="MulPassSingleBooking" time="23.543"/>
  <testcase classname="airlines_project.Testcase12_LoginSearchLogout" name="LoginSearchLogout" time="12.922"/>
  <testcase classname="airlines_project.Testcase14_SearchDomesRoundTF" name="SearchDomesticTrip" time="16.918">
    <skipped/>
  </testcase> <!-- SearchDomesticTrip -->
  <testcase classname="airlines_project.Testcase14_SearchDomesRoundTF" name="SearchDomesticTrip" time="9.2"/>
</testsuite> <!-- Test -->
