<?xml version="1.0" encoding="UTF-8"?>
<!-- Generated by org.testng.reporters.JUnitXMLReporter -->
<testsuite ignored="0" hostname="AnushaChanna" failures="0" tests="10" name="Test" time="206.52" errors="0" timestamp="2024-09-24T19:40:27 IST">
  <testcase classname="airlines_project.Testcase2_ValidLogin" name="validlogin" time="9.857"/>
  <testcase classname="airlines_project.Testcase3_InvalidLogin" name="validlogin" time="2.673"/>
  <testcase classname="airlines_project.Testcase4_SearchOneWayF" name="OneWayTrip" time="8.82"/>
  <testcase classname="airlines_project.Testcase5_SearchRoundTripF" name="RoundTripSearch" time="10.965"/>
  <testcase classname="airlines_project.Testcase6_ValidateSearchdiffClasses" name="DiffEconomies" time="15.089"/>
  <testcase classname="airlines_project.Testcase8_SeatSelection" name="SeatSelection" time="25.096"/>
  <testcase classname="airlines_project.Testcase9_MulPassSingleBooking" name="MulPassSingleBooking" time="22.006">
    <skipped/>
  </testcase> <!-- MulPassSingleBooking -->
  <testcase classname="airlines_project.Testcase9_MulPassSingleBooking" name="MulPassSingleBooking" time="23.649"/>
  <testcase classname="airlines_project.Testcase12_LoginSearchLogout" name="LoginSearchLogout" time="13.415"/>
  <testcase classname="airlines_project.Testcase14_SearchDomesRoundTF" name="SearchDomesticTrip" time="10.973"/>
</testsuite> <!-- Test -->
