<?xml version="1.0" encoding="UTF-8"?>
<testng-results retried="1" ignored="1" total="11" passed="9" failed="0" skipped="0">
  <reporter-output>
    <line>
      <![CDATA[testcase is pass > report from Listeners]]>
    </line>
    <line>
      <![CDATA[testcase is pass > report from Listeners]]>
    </line>
    <line>
      <![CDATA[testcase is pass > report from Listeners]]>
    </line>
    <line>
      <![CDATA[testcase is pass > report from Listeners]]>
    </line>
    <line>
      <![CDATA[testcase is pass > report from Listeners]]>
    </line>
    <line>
      <![CDATA[testcase is pass > report from Listeners]]>
    </line>
    <line>
      <![CDATA[testcase is pass > report from Listeners]]>
    </line>
    <line>
      <![CDATA[testcase is pass > report from Listeners]]>
    </line>
    <line>
      <![CDATA[testcase is pass > report from Listeners]]>
    </line>
  </reporter-output>
  <suite started-at="2024-09-24T19:37:01 IST" name="Suite" finished-at="2024-09-24T19:40:27 IST" duration-ms="206520">
    <groups>
    </groups>
    <test started-at="2024-09-24T19:37:01 IST" name="Test" finished-at="2024-09-24T19:40:27 IST" duration-ms="206520">
      <class name="airlines_project.Testcase8_SeatSelection">
        <test-method is-config="true" signature="login()[pri:0, instance:airlines_project.Testcase8_SeatSelection@74d1dc36]" started-at="2024-09-24T19:38:23 IST" name="login" finished-at="2024-09-24T19:38:28 IST" duration-ms="4831" status="PASS">
          <reporter-output>
          </reporter-output>
        </test-method> <!-- login -->
        <test-method signature="SeatSelection()[pri:0, instance:airlines_project.Testcase8_SeatSelection@74d1dc36]" started-at="2024-09-24T19:38:28 IST" name="SeatSelection" finished-at="2024-09-24T19:38:53 IST" duration-ms="25096" status="PASS">
          <reporter-output>
            <line>
              <![CDATA[testcase is pass > report from Listeners]]>
            </line>
          </reporter-output>
        </test-method> <!-- SeatSelection -->
        <test-method is-config="true" signature="logout()[pri:0, instance:airlines_project.Testcase8_SeatSelection@74d1dc36]" started-at="2024-09-24T19:38:53 IST" name="logout" finished-at="2024-09-24T19:38:54 IST" duration-ms="429" status="PASS">
          <reporter-output>
          </reporter-output>
        </test-method> <!-- logout -->
      </class> <!-- airlines_project.Testcase8_SeatSelection -->
      <class name="airlines_project.Testcase5_SearchRoundTripF">
        <test-method is-config="true" signature="login()[pri:0, instance:airlines_project.Testcase5_SearchRoundTripF@2034b64c]" started-at="2024-09-24T19:37:43 IST" name="login" finished-at="2024-09-24T19:37:49 IST" duration-ms="6187" status="PASS">
          <reporter-output>
          </reporter-output>
        </test-method> <!-- login -->
        <test-method signature="RoundTripSearch()[pri:0, instance:airlines_project.Testcase5_SearchRoundTripF@2034b64c]" started-at="2024-09-24T19:37:49 IST" name="RoundTripSearch" finished-at="2024-09-24T19:38:00 IST" duration-ms="10965" status="PASS">
          <reporter-output>
            <line>
              <![CDATA[testcase is pass > report from Listeners]]>
            </line>
          </reporter-output>
        </test-method> <!-- RoundTripSearch -->
        <test-method is-config="true" signature="logout()[pri:0, instance:airlines_project.Testcase5_SearchRoundTripF@2034b64c]" started-at="2024-09-24T19:38:01 IST" name="logout" finished-at="2024-09-24T19:38:01 IST" duration-ms="354" status="PASS">
          <reporter-output>
          </reporter-output>
        </test-method> <!-- logout -->
      </class> <!-- airlines_project.Testcase5_SearchRoundTripF -->
      <class name="airlines_project.Testcase12_LoginSearchLogout">
        <test-method is-config="true" signature="login()[pri:0, instance:airlines_project.Testcase12_LoginSearchLogout@74e28667]" started-at="2024-09-24T19:39:51 IST" name="login" finished-at="2024-09-24T19:39:57 IST" duration-ms="5585" status="PASS">
          <reporter-output>
          </reporter-output>
        </test-method> <!-- login -->
        <test-method signature="LoginSearchLogout()[pri:0, instance:airlines_project.Testcase12_LoginSearchLogout@74e28667]" started-at="2024-09-24T19:39:57 IST" name="LoginSearchLogout" finished-at="2024-09-24T19:40:10 IST" duration-ms="13415" status="PASS">
          <reporter-output>
            <line>
              <![CDATA[testcase is pass > report from Listeners]]>
            </line>
          </reporter-output>
        </test-method> <!-- LoginSearchLogout -->
        <test-method is-config="true" signature="logout()[pri:0, instance:airlines_project.Testcase12_LoginSearchLogout@74e28667]" started-at="2024-09-24T19:40:10 IST" name="logout" finished-at="2024-09-24T19:40:11 IST" duration-ms="387" status="PASS">
          <reporter-output>
          </reporter-output>
        </test-method> <!-- logout -->
      </class> <!-- airlines_project.Testcase12_LoginSearchLogout -->
      <class name="airlines_project.Testcase9_MulPassSingleBooking">
        <test-method is-config="true" signature="login()[pri:0, instance:airlines_project.Testcase9_MulPassSingleBooking@7161d8d1]" started-at="2024-09-24T19:38:54 IST" name="login" finished-at="2024-09-24T19:38:59 IST" duration-ms="5699" status="PASS">
          <reporter-output>
          </reporter-output>
        </test-method> <!-- login -->
        <test-method retried="true" signature="MulPassSingleBooking()[pri:0, instance:airlines_project.Testcase9_MulPassSingleBooking@7161d8d1]" started-at="2024-09-24T19:38:59 IST" name="MulPassSingleBooking" finished-at="2024-09-24T19:39:21 IST" duration-ms="22006" status="SKIP">
          <exception class="org.openqa.selenium.NoSuchElementException">
            <message>
              <![CDATA[no such element: Unable to locate element: {"method":"xpath","selector":"//button[.='Proceed to traveller details']"}
  (Session info: chrome=128.0.6613.139)
For documentation on this error, please visit: https://www.selenium.dev/documentation/webdriver/troubleshooting/errors#no-such-element-exception
Build info: version: '4.23.1', revision: '656257d8e9'
System info: os.name: 'Windows 10', os.arch: 'amd64', os.version: '10.0', java.version: '22.0.1'
Driver info: org.openqa.selenium.chrome.ChromeDriver
Command: [ce58f0bf8e13a0da1ff48dce3e117520, findElement {value=//button[.='Proceed to traveller details'], using=xpath}]
Capabilities {acceptInsecureCerts: false, browserName: chrome, browserVersion: 128.0.6613.139, chrome: {chromedriverVersion: 128.0.6613.137 (fe621c5aa2d..., userDataDir: C:\Users\LENOVO\AppData\Loc...}, fedcm:accounts: true, goog:chromeOptions: {debuggerAddress: localhost:63932}, networkConnectionEnabled: false, pageLoadStrategy: normal, platformName: windows, proxy: Proxy(), se:cdp: ws://localhost:63932/devtoo..., se:cdpVersion: 128.0.6613.139, setWindowRect: true, strictFileInteractability: false, timeouts: {implicit: 0, pageLoad: 300000, script: 30000}, unhandledPromptBehavior: dismiss and notify, webauthn:extension:credBlob: true, webauthn:extension:largeBlob: true, webauthn:extension:minPinLength: true, webauthn:extension:prf: true, webauthn:virtualAuthenticators: true}
Session ID: ce58f0bf8e13a0da1ff48dce3e117520]]>
            </message>
            <full-stacktrace>
              <![CDATA[org.openqa.selenium.NoSuchElementException: no such element: Unable to locate element: {"method":"xpath","selector":"//button[.='Proceed to traveller details']"}
  (Session info: chrome=128.0.6613.139)
For documentation on this error, please visit: https://www.selenium.dev/documentation/webdriver/troubleshooting/errors#no-such-element-exception
Build info: version: '4.23.1', revision: '656257d8e9'
System info: os.name: 'Windows 10', os.arch: 'amd64', os.version: '10.0', java.version: '22.0.1'
Driver info: org.openqa.selenium.chrome.ChromeDriver
Command: [ce58f0bf8e13a0da1ff48dce3e117520, findElement {value=//button[.='Proceed to traveller details'], using=xpath}]
Capabilities {acceptInsecureCerts: false, browserName: chrome, browserVersion: 128.0.6613.139, chrome: {chromedriverVersion: 128.0.6613.137 (fe621c5aa2d..., userDataDir: C:\Users\LENOVO\AppData\Loc...}, fedcm:accounts: true, goog:chromeOptions: {debuggerAddress: localhost:63932}, networkConnectionEnabled: false, pageLoadStrategy: normal, platformName: windows, proxy: Proxy(), se:cdp: ws://localhost:63932/devtoo..., se:cdpVersion: 128.0.6613.139, setWindowRect: true, strictFileInteractability: false, timeouts: {implicit: 0, pageLoad: 300000, script: 30000}, unhandledPromptBehavior: dismiss and notify, webauthn:extension:credBlob: true, webauthn:extension:largeBlob: true, webauthn:extension:minPinLength: true, webauthn:extension:prf: true, webauthn:virtualAuthenticators: true}
Session ID: ce58f0bf8e13a0da1ff48dce3e117520
at java.base/jdk.internal.reflect.DirectConstructorHandleAccessor.newInstance(DirectConstructorHandleAccessor.java:62)
at java.base/java.lang.reflect.Constructor.newInstanceWithCaller(Constructor.java:502)
at java.base/java.lang.reflect.Constructor.newInstance(Constructor.java:486)
at org.openqa.selenium.remote.ErrorCodec.decode(ErrorCodec.java:167)
at org.openqa.selenium.remote.codec.w3c.W3CHttpResponseCodec.decode(W3CHttpResponseCodec.java:138)
at org.openqa.selenium.remote.codec.w3c.W3CHttpResponseCodec.decode(W3CHttpResponseCodec.java:50)
at org.openqa.selenium.remote.HttpCommandExecutor.execute(HttpCommandExecutor.java:190)
at org.openqa.selenium.remote.service.DriverCommandExecutor.invokeExecute(DriverCommandExecutor.java:216)
at org.openqa.selenium.remote.service.DriverCommandExecutor.execute(DriverCommandExecutor.java:174)
at org.openqa.selenium.remote.RemoteWebDriver.execute(RemoteWebDriver.java:545)
at org.openqa.selenium.remote.ElementLocation$ElementFinder$2.findElement(ElementLocation.java:165)
at org.openqa.selenium.remote.ElementLocation.findElement(ElementLocation.java:59)
at org.openqa.selenium.remote.RemoteWebDriver.findElement(RemoteWebDriver.java:368)
at org.openqa.selenium.remote.RemoteWebDriver.findElement(RemoteWebDriver.java:362)
at org.openqa.selenium.support.pagefactory.DefaultElementLocator.findElement(DefaultElementLocator.java:68)
at org.openqa.selenium.support.pagefactory.internal.LocatingElementHandler.invoke(LocatingElementHandler.java:38)
at jdk.proxy2/jdk.proxy2.$Proxy10.click(Unknown Source)
at airlines_project.SeatSelection_TC8.ProceedToTravelDetails(SeatSelection_TC8.java:84)
at airlines_project.Testcase9_MulPassSingleBooking.MulPassSingleBooking(Testcase9_MulPassSingleBooking.java:36)
at java.base/jdk.internal.reflect.DirectMethodHandleAccessor.invoke(DirectMethodHandleAccessor.java:103)
at java.base/java.lang.reflect.Method.invoke(Method.java:580)
at org.testng.internal.invokers.MethodInvocationHelper.invokeMethod(MethodInvocationHelper.java:139)
at org.testng.internal.invokers.TestInvoker.invokeMethod(TestInvoker.java:664)
at org.testng.internal.invokers.TestInvoker.invokeTestMethod(TestInvoker.java:227)
at org.testng.internal.invokers.MethodRunner.runInSequence(MethodRunner.java:50)
at org.testng.internal.invokers.TestInvoker$MethodInvocationAgent.invoke(TestInvoker.java:957)
at org.testng.internal.invokers.TestInvoker.invokeTestMethods(TestInvoker.java:200)
at org.testng.internal.invokers.TestMethodWorker.invokeTestMethods(TestMethodWorker.java:148)
at org.testng.internal.invokers.TestMethodWorker.run(TestMethodWorker.java:128)
at java.base/java.util.ArrayList.forEach(ArrayList.java:1597)
at org.testng.TestRunner.privateRun(TestRunner.java:848)
at org.testng.TestRunner.run(TestRunner.java:621)
at org.testng.SuiteRunner.runTest(SuiteRunner.java:443)
at org.testng.SuiteRunner.runSequentially(SuiteRunner.java:437)
at org.testng.SuiteRunner.privateRun(SuiteRunner.java:397)
at org.testng.SuiteRunner.run(SuiteRunner.java:336)
at org.testng.SuiteRunnerWorker.runSuite(SuiteRunnerWorker.java:52)
at org.testng.SuiteRunnerWorker.run(SuiteRunnerWorker.java:95)
at org.testng.TestNG.runSuitesSequentially(TestNG.java:1280)
at org.testng.TestNG.runSuitesLocally(TestNG.java:1200)
at org.testng.TestNG.runSuites(TestNG.java:1114)
at org.testng.TestNG.run(TestNG.java:1082)
at org.apache.maven.surefire.testng.TestNGExecutor.run(TestNGExecutor.java:308)
at org.apache.maven.surefire.testng.TestNGXmlTestSuite.execute(TestNGXmlTestSuite.java:71)
at org.apache.maven.surefire.testng.TestNGProvider.invoke(TestNGProvider.java:113)
at org.apache.maven.surefire.booter.ForkedBooter.runSuitesInProcess(ForkedBooter.java:385)
at org.apache.maven.surefire.booter.ForkedBooter.execute(ForkedBooter.java:162)
at org.apache.maven.surefire.booter.ForkedBooter.run(ForkedBooter.java:507)
at org.apache.maven.surefire.booter.ForkedBooter.main(ForkedBooter.java:495)
]]>
            </full-stacktrace>
          </exception> <!-- org.openqa.selenium.NoSuchElementException -->
          <reporter-output>
          </reporter-output>
        </test-method> <!-- MulPassSingleBooking -->
        <test-method is-config="true" signature="logout()[pri:0, instance:airlines_project.Testcase9_MulPassSingleBooking@7161d8d1]" started-at="2024-09-24T19:39:21 IST" name="logout" finished-at="2024-09-24T19:39:22 IST" duration-ms="403" status="PASS">
          <reporter-output>
          </reporter-output>
        </test-method> <!-- logout -->
        <test-method is-config="true" signature="login()[pri:0, instance:airlines_project.Testcase9_MulPassSingleBooking@7161d8d1]" started-at="2024-09-24T19:39:22 IST" name="login" finished-at="2024-09-24T19:39:27 IST" duration-ms="5068" status="PASS">
          <reporter-output>
          </reporter-output>
        </test-method> <!-- login -->
        <test-method signature="MulPassSingleBooking()[pri:0, instance:airlines_project.Testcase9_MulPassSingleBooking@7161d8d1]" started-at="2024-09-24T19:39:27 IST" name="MulPassSingleBooking" finished-at="2024-09-24T19:39:50 IST" duration-ms="23649" status="PASS">
          <reporter-output>
            <line>
              <![CDATA[testcase is pass > report from Listeners]]>
            </line>
          </reporter-output>
        </test-method> <!-- MulPassSingleBooking -->
        <test-method is-config="true" signature="logout()[pri:0, instance:airlines_project.Testcase9_MulPassSingleBooking@7161d8d1]" started-at="2024-09-24T19:39:51 IST" name="logout" finished-at="2024-09-24T19:39:51 IST" duration-ms="396" status="PASS">
          <reporter-output>
          </reporter-output>
        </test-method> <!-- logout -->
      </class> <!-- airlines_project.Testcase9_MulPassSingleBooking -->
      <class name="airlines_project.Testcase4_SearchOneWayF">
        <test-method is-config="true" signature="login()[pri:0, instance:airlines_project.Testcase4_SearchOneWayF@58cbafc2]" started-at="2024-09-24T19:37:28 IST" name="login" finished-at="2024-09-24T19:37:33 IST" duration-ms="5381" status="PASS">
          <reporter-output>
          </reporter-output>
        </test-method> <!-- login -->
        <test-method signature="OneWayTrip()[pri:0, instance:airlines_project.Testcase4_SearchOneWayF@58cbafc2]" started-at="2024-09-24T19:37:33 IST" name="OneWayTrip" finished-at="2024-09-24T19:37:42 IST" duration-ms="8820" status="PASS">
          <reporter-output>
            <line>
              <![CDATA[testcase is pass > report from Listeners]]>
            </line>
          </reporter-output>
        </test-method> <!-- OneWayTrip -->
        <test-method is-config="true" signature="logout()[pri:0, instance:airlines_project.Testcase4_SearchOneWayF@58cbafc2]" started-at="2024-09-24T19:37:43 IST" name="logout" finished-at="2024-09-24T19:37:43 IST" duration-ms="457" status="PASS">
          <reporter-output>
          </reporter-output>
        </test-method> <!-- logout -->
      </class> <!-- airlines_project.Testcase4_SearchOneWayF -->
      <class name="airlines_project.Testcase3_InvalidLogin">
        <test-method is-config="true" signature="login()[pri:0, instance:airlines_project.Testcase3_InvalidLogin@1ca3b418]" started-at="2024-09-24T19:37:19 IST" name="login" finished-at="2024-09-24T19:37:25 IST" duration-ms="5959" status="PASS">
          <reporter-output>
          </reporter-output>
        </test-method> <!-- login -->
        <test-method signature="validlogin()[pri:0, instance:airlines_project.Testcase3_InvalidLogin@1ca3b418]" started-at="2024-09-24T19:37:25 IST" name="validlogin" finished-at="2024-09-24T19:37:28 IST" duration-ms="2673" status="PASS">
          <reporter-output>
            <line>
              <![CDATA[testcase is pass > report from Listeners]]>
            </line>
          </reporter-output>
        </test-method> <!-- validlogin -->
        <test-method is-config="true" signature="logout()[pri:0, instance:airlines_project.Testcase3_InvalidLogin@1ca3b418]" started-at="2024-09-24T19:37:28 IST" name="logout" finished-at="2024-09-24T19:37:28 IST" duration-ms="345" status="PASS">
          <reporter-output>
          </reporter-output>
        </test-method> <!-- logout -->
      </class> <!-- airlines_project.Testcase3_InvalidLogin -->
      <class name="airlines_project.Testcase2_ValidLogin">
        <test-method is-config="true" signature="login()[pri:0, instance:airlines_project.Testcase2_ValidLogin@368247b9]" started-at="2024-09-24T19:37:01 IST" name="login" finished-at="2024-09-24T19:37:08 IST" duration-ms="7346" status="PASS">
          <reporter-output>
          </reporter-output>
        </test-method> <!-- login -->
        <test-method signature="validlogin()[pri:0, instance:airlines_project.Testcase2_ValidLogin@368247b9]" started-at="2024-09-24T19:37:08 IST" name="validlogin" finished-at="2024-09-24T19:37:18 IST" duration-ms="9857" status="PASS">
          <reporter-output>
            <line>
              <![CDATA[testcase is pass > report from Listeners]]>
            </line>
          </reporter-output>
        </test-method> <!-- validlogin -->
        <test-method is-config="true" signature="logout()[pri:0, instance:airlines_project.Testcase2_ValidLogin@368247b9]" started-at="2024-09-24T19:37:19 IST" name="logout" finished-at="2024-09-24T19:37:19 IST" duration-ms="434" status="PASS">
          <reporter-output>
          </reporter-output>
        </test-method> <!-- logout -->
      </class> <!-- airlines_project.Testcase2_ValidLogin -->
      <class name="airlines_project.Testcase14_SearchDomesRoundTF">
        <test-method is-config="true" signature="login()[pri:0, instance:airlines_project.Testcase14_SearchDomesRoundTF@1cf6d1be]" started-at="2024-09-24T19:40:11 IST" name="login" finished-at="2024-09-24T19:40:15 IST" duration-ms="4754" status="PASS">
          <reporter-output>
          </reporter-output>
        </test-method> <!-- login -->
        <test-method signature="SearchDomesticTrip()[pri:0, instance:airlines_project.Testcase14_SearchDomesRoundTF@1cf6d1be]" started-at="2024-09-24T19:40:15 IST" name="SearchDomesticTrip" finished-at="2024-09-24T19:40:26 IST" duration-ms="10973" status="PASS">
          <reporter-output>
            <line>
              <![CDATA[testcase is pass > report from Listeners]]>
            </line>
          </reporter-output>
        </test-method> <!-- SearchDomesticTrip -->
        <test-method is-config="true" signature="logout()[pri:0, instance:airlines_project.Testcase14_SearchDomesRoundTF@1cf6d1be]" started-at="2024-09-24T19:40:27 IST" name="logout" finished-at="2024-09-24T19:40:27 IST" duration-ms="363" status="PASS">
          <reporter-output>
          </reporter-output>
        </test-method> <!-- logout -->
      </class> <!-- airlines_project.Testcase14_SearchDomesRoundTF -->
      <class name="airlines_project.Testcase6_ValidateSearchdiffClasses">
        <test-method is-config="true" signature="login()[pri:0, instance:airlines_project.Testcase6_ValidateSearchdiffClasses@75d3a5e0]" started-at="2024-09-24T19:38:01 IST" name="login" finished-at="2024-09-24T19:38:06 IST" duration-ms="4775" status="PASS">
          <reporter-output>
          </reporter-output>
        </test-method> <!-- login -->
        <test-method signature="DiffEconomies()[pri:0, instance:airlines_project.Testcase6_ValidateSearchdiffClasses@75d3a5e0]" started-at="2024-09-24T19:38:06 IST" name="DiffEconomies" finished-at="2024-09-24T19:38:21 IST" duration-ms="15089" status="PASS">
          <reporter-output>
            <line>
              <![CDATA[testcase is pass > report from Listeners]]>
            </line>
          </reporter-output>
        </test-method> <!-- DiffEconomies -->
        <test-method is-config="true" signature="logout()[pri:0, instance:airlines_project.Testcase6_ValidateSearchdiffClasses@75d3a5e0]" started-at="2024-09-24T19:38:21 IST" name="logout" finished-at="2024-09-24T19:38:23 IST" duration-ms="1931" status="PASS">
          <reporter-output>
          </reporter-output>
        </test-method> <!-- logout -->
      </class> <!-- airlines_project.Testcase6_ValidateSearchdiffClasses -->
    </test> <!-- Test -->
  </suite> <!-- Suite -->
</testng-results>
